********************************************************************************
DUPLICATOR-LITE PACKAGE-LOG: October 26, 2020 8:15 am
NOTICE: Do NOT post to public sites or forums 
********************************************************************************
VERSION:	1.3.38
WORDPRESS:	5.5.1
PHP INFO:	5.6.40 | SAPI: apache2handler
SERVER:		Apache/2.4.37 (Win32) OpenSSL/1.0.2p PHP/5.6.40 
PHP TIME LIMIT: (0) no time limit imposed 
PHP MAX MEMORY: 4294967296 (128M default) 
MEMORY STACK: 22MB

********************************************************************************
DATABASE:
********************************************************************************
BUILD MODE:   PHP(query limit - 100)
MYSQLTIMEOUT: 5000
MYSQLDUMP:    Is Supported
TABLES: total:13 | filtered:0 | create:13
FILTERED: []
SQL CREATED: 20201026_coolgreen_c21372df584b2c0a5703_20201026081522_database.sql
SQL FILE SIZE: 160.48KB (164334)
SQL FILE TIME: 2020-10-26 08:15:38
SQL RUNTIME: 0.50 sec.

********************************************************************************
ARCHIVE (ZIP):
********************************************************************************
ARCHIVE DIR:  C:/xampp/htdocs/wordpress/cm-coolgreen/wordpress
ARCHIVE FILE: 20201026_coolgreen_c21372df584b2c0a5703_20201026081522_archive.zip
FILTERS: *OFF*
DIRS:
	not set
FILES:
	not set
EXTS:  not set
----------------------------------------
COMPRESSING
SIZE:	59.89MB
STATS:	Dirs 311 | Files 2,348
SQL ADDED: 20201026_coolgreen_c21372df584b2c0a5703_20201026081522_database.sql
ZipArchive Object
(
    [status] => 0
    [statusSys] => 0
    [numFiles] => 2659
    [filename] => C:\xampp\htdocs\wordpress\cm-coolgreen\wordpress\wp-content\backups-dup-lite\tmp\20201026_coolgreen_c21372df584b2c0a5703_20201026081522_archive.zip
    [comment] => 
)

FILE ADDED TO ZIP: 2658
COMPRESSION RESULT: '1'
COMPRESSED SIZE: 23.88MB
ARCHIVE RUNTIME: 40.55 sec.
MEMORY STACK: 23MB
building installer
add_extra_files1
add_extra_files2
add_extra_files3
add_extra_files4
Doing archive file check
add_extra_files5
add_extra_files6
add_extra_files8
Successfully opened zip C:/xampp/htdocs/wordpress/cm-coolgreen/wordpress/wp-content/backups-dup-lite/tmp/20201026_coolgreen_c21372df584b2c0a5703_20201026081522_archive.zip
Adding enhanced installer files to archive using ZipArchive
Installer files added to archive
Added to archive
After ziparchive close when adding installer

********************************************************************************
INTEGRITY CHECKS:
********************************************************************************
SQL FILE: 160.48KB
INSTALLER FILE: 61.32KB
ARCHIVE FILE: 25.36MB 
EXPECTED FILE/DIRECTORY COUNT: 2,659
ACTUAL FILE/DIRECTORY COUNT: 2,658
ARCHIVE CONSISTENCY TEST: Pass

********************************************************************************
RECORD ID:[1]
TOTAL PROCESS RUNTIME: 42.37 sec.
PEAK PHP MEMORY USED: 24.25MB
DONE PROCESSING => 20201026_coolgreen October 26, 2020 8:16 am

